<?xml version="1.0" encoding="UTF-8"?>
<robot generator="Robot 6.1.1 (Python 3.12.0 on win32)" generated="20231125 19:02:37.622" rpa="false" schemaversion="4">
<suite id="s1" name="Learnign-Robotframework" source="C:\Users\E7250\Ohjelmistokehitys_teknologiat\Seminaarityo_robotframework\learnign-robotframework">
<suite id="s1-s1" name="Ultimateqa Tests" source="C:\Users\E7250\Ohjelmistokehitys_teknologiat\Seminaarityo_robotframework\learnign-robotframework\ultimateqa_tests">
<suite id="s1-s1-s1" name="Buttons" source="C:\Users\E7250\Ohjelmistokehitys_teknologiat\Seminaarityo_robotframework\learnign-robotframework\ultimateqa_tests\buttons.robot">
<test id="s1-s1-s1-t1" name="Open browser and test page content" line="14">
<kw name="Open Browser" library="SeleniumLibrary">
<arg>${URL}</arg>
<arg>${BROWSER}</arg>
<doc>Opens a new browser instance to the optional ``url``.</doc>
<msg timestamp="20231125 19:02:38.022" level="INFO">Opening browser 'Chrome' to base url 'https://ultimateqa.com/simple-html-elements-for-automation/'.</msg>
<status status="PASS" starttime="20231125 19:02:38.022" endtime="20231125 19:02:42.399"/>
</kw>
<kw name="Page Should Contain" library="SeleniumLibrary">
<arg>Click button using ClassName</arg>
<doc>Verifies that current page contains ``text``.</doc>
<msg timestamp="20231125 19:02:42.468" level="INFO">Current page contains text 'Click button using ClassName'.</msg>
<status status="PASS" starttime="20231125 19:02:42.405" endtime="20231125 19:02:42.468"/>
</kw>
<kw name="Close Browser" library="SeleniumLibrary" type="TEARDOWN">
<doc>Closes the current browser.</doc>
<status status="PASS" starttime="20231125 19:02:42.468" endtime="20231125 19:02:45.855"/>
</kw>
<status status="PASS" starttime="20231125 19:02:38.022" endtime="20231125 19:02:45.855"/>
</test>
<test id="s1-s1-s1-t2" name="Test to click button Click Me" line="19">
<kw name="Open Browser" library="SeleniumLibrary">
<arg>${URL}</arg>
<arg>${BROWSER}</arg>
<doc>Opens a new browser instance to the optional ``url``.</doc>
<msg timestamp="20231125 19:02:45.855" level="INFO">Opening browser 'Chrome' to base url 'https://ultimateqa.com/simple-html-elements-for-automation/'.</msg>
<status status="PASS" starttime="20231125 19:02:45.855" endtime="20231125 19:02:49.476"/>
</kw>
<kw name="Click Button" library="SeleniumLibrary">
<arg>${CLICKMEBUTTON}</arg>
<doc>Clicks the button identified by ``locator``.</doc>
<msg timestamp="20231125 19:02:49.492" level="INFO">Clicking button '(//button)[contains(text(), "Click Me")]'.</msg>
<status status="PASS" starttime="20231125 19:02:49.492" endtime="20231125 19:02:49.696"/>
</kw>
<kw name="Sleep" library="BuiltIn">
<arg>4 seconds</arg>
<doc>Pauses the test executed for the given time.</doc>
<msg timestamp="20231125 19:02:53.696" level="INFO">Slept 4 seconds</msg>
<status status="PASS" starttime="20231125 19:02:49.696" endtime="20231125 19:02:53.696"/>
</kw>
<kw name="Page Should Contain" library="SeleniumLibrary">
<arg>about to submit is not secure</arg>
<doc>Verifies that current page contains ``text``.</doc>
<msg timestamp="20231125 19:02:53.721" level="INFO">Current page contains text 'about to submit is not secure'.</msg>
<status status="PASS" starttime="20231125 19:02:53.696" endtime="20231125 19:02:53.721"/>
</kw>
<kw name="Sleep" library="BuiltIn">
<arg>4 seconds</arg>
<doc>Pauses the test executed for the given time.</doc>
<msg timestamp="20231125 19:02:57.723" level="INFO">Slept 4 seconds</msg>
<status status="PASS" starttime="20231125 19:02:53.722" endtime="20231125 19:02:57.723"/>
</kw>
<kw name="Close Browser" library="SeleniumLibrary" type="TEARDOWN">
<doc>Closes the current browser.</doc>
<status status="PASS" starttime="20231125 19:02:57.724" endtime="20231125 19:03:00.070"/>
</kw>
<status status="PASS" starttime="20231125 19:02:45.855" endtime="20231125 19:03:00.070"/>
</test>
<test id="s1-s1-s1-t3" name="Test to click link Click Me!" line="27">
<kw name="Open Browser" library="SeleniumLibrary">
<arg>${URL}</arg>
<arg>${BROWSER}</arg>
<doc>Opens a new browser instance to the optional ``url``.</doc>
<msg timestamp="20231125 19:03:00.070" level="INFO">Opening browser 'Chrome' to base url 'https://ultimateqa.com/simple-html-elements-for-automation/'.</msg>
<status status="PASS" starttime="20231125 19:03:00.070" endtime="20231125 19:03:04.328"/>
</kw>
<kw name="Click Link" library="SeleniumLibrary">
<arg>locator=link:Click me using this link text!</arg>
<doc>Clicks a link identified by ``locator``.</doc>
<msg timestamp="20231125 19:03:04.344" level="INFO">Clicking link 'link:Click me using this link text!'.</msg>
<status status="PASS" starttime="20231125 19:03:04.344" endtime="20231125 19:03:04.651"/>
</kw>
<kw name="Sleep" library="BuiltIn">
<arg>4 seconds</arg>
<doc>Pauses the test executed for the given time.</doc>
<msg timestamp="20231125 19:03:08.652" level="INFO">Slept 4 seconds</msg>
<status status="PASS" starttime="20231125 19:03:04.652" endtime="20231125 19:03:08.652"/>
</kw>
<kw name="Page Should Contain" library="SeleniumLibrary">
<arg>Link success</arg>
<doc>Verifies that current page contains ``text``.</doc>
<msg timestamp="20231125 19:03:08.688" level="INFO">Current page contains text 'Link success'.</msg>
<status status="PASS" starttime="20231125 19:03:08.652" endtime="20231125 19:03:08.688"/>
</kw>
<kw name="Sleep" library="BuiltIn">
<arg>4 seconds</arg>
<doc>Pauses the test executed for the given time.</doc>
<msg timestamp="20231125 19:03:12.688" level="INFO">Slept 4 seconds</msg>
<status status="PASS" starttime="20231125 19:03:08.688" endtime="20231125 19:03:12.688"/>
</kw>
<kw name="Close Browser" library="SeleniumLibrary" type="TEARDOWN">
<doc>Closes the current browser.</doc>
<status status="PASS" starttime="20231125 19:03:12.688" endtime="20231125 19:03:15.096"/>
</kw>
<status status="PASS" starttime="20231125 19:03:00.070" endtime="20231125 19:03:15.096"/>
</test>
<test id="s1-s1-s1-t4" name="Test to click link Ckick Me looks like button" line="35">
<kw name="Open Browser" library="SeleniumLibrary">
<arg>${URL}</arg>
<arg>${BROWSER}</arg>
<doc>Opens a new browser instance to the optional ``url``.</doc>
<msg timestamp="20231125 19:03:15.096" level="INFO">Opening browser 'Chrome' to base url 'https://ultimateqa.com/simple-html-elements-for-automation/'.</msg>
<status status="PASS" starttime="20231125 19:03:15.096" endtime="20231125 19:03:18.660"/>
</kw>
<kw name="Click Link" library="SeleniumLibrary">
<arg>${CLICKMELINK}</arg>
<doc>Clicks a link identified by ``locator``.</doc>
<msg timestamp="20231125 19:03:18.666" level="INFO">Clicking link '(//a)[contains(text(), "Click Me")]'.</msg>
<status status="PASS" starttime="20231125 19:03:18.664" endtime="20231125 19:03:18.898"/>
</kw>
<kw name="Sleep" library="BuiltIn">
<arg>4 seconds</arg>
<doc>Pauses the test executed for the given time.</doc>
<msg timestamp="20231125 19:03:22.910" level="INFO">Slept 4 seconds</msg>
<status status="PASS" starttime="20231125 19:03:18.909" endtime="20231125 19:03:22.910"/>
</kw>
<kw name="Get Location" library="SeleniumLibrary">
<var>${URL}</var>
<doc>Returns the current browser window URL.</doc>
<msg timestamp="20231125 19:03:22.910" level="INFO">${URL} = https://ultimateqa.com/button-success</msg>
<status status="PASS" starttime="20231125 19:03:22.910" endtime="20231125 19:03:22.910"/>
</kw>
<kw name="Should Match" library="BuiltIn">
<arg>${URL}</arg>
<arg>https://ultimateqa.com/button-success</arg>
<doc>Fails if the given ``string`` does not match the given ``pattern``.</doc>
<status status="PASS" starttime="20231125 19:03:22.910" endtime="20231125 19:03:22.910"/>
</kw>
<kw name="Page Should Contain" library="SeleniumLibrary">
<arg>Button success</arg>
<doc>Verifies that current page contains ``text``.</doc>
<msg timestamp="20231125 19:03:22.945" level="INFO">Current page contains text 'Button success'.</msg>
<status status="PASS" starttime="20231125 19:03:22.910" endtime="20231125 19:03:22.945"/>
</kw>
<kw name="Sleep" library="BuiltIn">
<arg>4 seconds</arg>
<doc>Pauses the test executed for the given time.</doc>
<msg timestamp="20231125 19:03:26.956" level="INFO">Slept 4 seconds</msg>
<status status="PASS" starttime="20231125 19:03:22.954" endtime="20231125 19:03:26.956"/>
</kw>
<kw name="Close Browser" library="SeleniumLibrary" type="TEARDOWN">
<doc>Closes the current browser.</doc>
<status status="PASS" starttime="20231125 19:03:26.956" endtime="20231125 19:03:29.433"/>
</kw>
<status status="PASS" starttime="20231125 19:03:15.096" endtime="20231125 19:03:29.433"/>
</test>
<doc>A test suite for testing buttons</doc>
<status status="PASS" starttime="20231125 19:02:37.653" endtime="20231125 19:03:29.433"/>
</suite>
<suite id="s1-s1-s2" name="Table" source="C:\Users\E7250\Ohjelmistokehitys_teknologiat\Seminaarityo_robotframework\learnign-robotframework\ultimateqa_tests\table.robot">
<test id="s1-s1-s2-t1" name="Testin tables" line="13">
<kw name="Open Browser To Test Page">
<kw name="Open Browser" library="SeleniumLibrary">
<arg>${URL}</arg>
<arg>${BROWSER}</arg>
<doc>Opens a new browser instance to the optional ``url``.</doc>
<msg timestamp="20231125 19:03:29.449" level="INFO">Opening browser 'Chrome' to base url 'https://ultimateqa.com/simple-html-elements-for-automation/'.</msg>
<status status="PASS" starttime="20231125 19:03:29.448" endtime="20231125 19:03:33.602"/>
</kw>
<kw name="Page Should Contain" library="SeleniumLibrary">
<arg>Click button using ClassName</arg>
<doc>Verifies that current page contains ``text``.</doc>
<msg timestamp="20231125 19:03:33.656" level="INFO">Current page contains text 'Click button using ClassName'.</msg>
<status status="PASS" starttime="20231125 19:03:33.603" endtime="20231125 19:03:33.656"/>
</kw>
<status status="PASS" starttime="20231125 19:03:29.447" endtime="20231125 19:03:33.656"/>
</kw>
<kw name="Close Browser" library="SeleniumLibrary" type="TEARDOWN">
<doc>Closes the current browser.</doc>
<status status="PASS" starttime="20231125 19:03:33.656" endtime="20231125 19:03:36.302"/>
</kw>
<status status="PASS" starttime="20231125 19:03:29.446" endtime="20231125 19:03:36.302"/>
</test>
<doc>A test suite for testing HTML tables</doc>
<status status="PASS" starttime="20231125 19:03:29.433" endtime="20231125 19:03:36.302"/>
</suite>
<status status="PASS" starttime="20231125 19:02:37.653" endtime="20231125 19:03:36.309"/>
</suite>
<status status="PASS" starttime="20231125 19:02:37.622" endtime="20231125 19:03:36.314"/>
</suite>
<statistics>
<total>
<stat pass="5" fail="0" skip="0">All Tests</stat>
</total>
<tag>
</tag>
<suite>
<stat pass="5" fail="0" skip="0" id="s1" name="Learnign-Robotframework">Learnign-Robotframework</stat>
<stat pass="5" fail="0" skip="0" id="s1-s1" name="Ultimateqa Tests">Learnign-Robotframework.Ultimateqa Tests</stat>
<stat pass="4" fail="0" skip="0" id="s1-s1-s1" name="Buttons">Learnign-Robotframework.Ultimateqa Tests.Buttons</stat>
<stat pass="1" fail="0" skip="0" id="s1-s1-s2" name="Table">Learnign-Robotframework.Ultimateqa Tests.Table</stat>
</suite>
</statistics>
<errors>
</errors>
</robot>
